This is XeTeX, Version 3.14159265-2.6-0.99999 (TeX Live 2019/dev/Debian) (preloaded format=xelatex 2018.9.25)  7 FEB 2019 13:30
entering extended mode
 restricted \write18 enabled.
 %&-line parsing enabled.
**example.tex
(./example.tex
LaTeX2e <2018-04-01> patch level 4
Babel <3.20> and hyphenation patterns for 84 language(s) loaded.
(./problemset.cls
Document Class: problemset 2016/09/15- v1.0 My class for MIT homework
(/usr/share/texlive/texmf-dist/tex/latex/base/article.cls
Document Class: article 2014/09/29 v1.4h Standard LaTeX document class
(/usr/share/texlive/texmf-dist/tex/latex/base/size12.clo
File: size12.clo 2014/09/29 v1.4h Standard LaTeX file (size option)
)
\c@part=\count80
\c@section=\count81
\c@subsection=\count82
\c@subsubsection=\count83
\c@paragraph=\count84
\c@subparagraph=\count85
\c@figure=\count86
\c@table=\count87
\abovecaptionskip=\skip41
\belowcaptionskip=\skip42
\bibindent=\dimen102
) (./problemset.sty
Package: problemset 2016/09/15{} macros for homeworks

(./6046.sty
Package: 6046 2011/02/01{} macros for 6.046
 (/usr/share/texlive/texmf-dist/tex/latex/url/url.sty
\Urlmuskip=\muskip10
Package: url 2013/09/16  ver 3.4  Verb mode for urls, etc.
)
(/usr/share/texlive/texmf-dist/tex/latex/base/latexsym.sty
Package: latexsym 1998/08/17 v2.2e Standard LaTeX package (lasy symbols)
\symlasy=\mathgroup4
LaTeX Font Info:    Overwriting symbol font `lasy' in version `bold'
(Font)                  U/lasy/m/n --> U/lasy/b/n on input line 52.
)
(/usr/share/texlive/texmf-dist/tex/latex/amsfonts/amssymb.sty
Package: amssymb 2013/01/14 v3.01 AMS font symbols

(/usr/share/texlive/texmf-dist/tex/latex/amsfonts/amsfonts.sty
Package: amsfonts 2013/01/14 v3.01 Basic AMSFonts support
\@emptytoks=\toks14
\symAMSa=\mathgroup5
\symAMSb=\mathgroup6
LaTeX Font Info:    Overwriting math alphabet `\mathfrak' in version `bold'
(Font)                  U/euf/m/n --> U/euf/b/n on input line 106.
))
(/usr/share/texlive/texmf-dist/tex/latex/amsmath/amsmath.sty
Package: amsmath 2017/09/02 v2.17a AMS math features
\@mathmargin=\skip43

For additional information on amsmath, use the `?' option.
(/usr/share/texlive/texmf-dist/tex/latex/amsmath/amstext.sty
Package: amstext 2000/06/29 v2.01 AMS text

(/usr/share/texlive/texmf-dist/tex/latex/amsmath/amsgen.sty
File: amsgen.sty 1999/11/30 v2.0 generic functions
\@emptytoks=\toks15
\ex@=\dimen103
))
(/usr/share/texlive/texmf-dist/tex/latex/amsmath/amsbsy.sty
Package: amsbsy 1999/11/29 v1.2d Bold Symbols
\pmbraise@=\dimen104
)
(/usr/share/texlive/texmf-dist/tex/latex/amsmath/amsopn.sty
Package: amsopn 2016/03/08 v2.02 operator names
)
\inf@bad=\count88
LaTeX Info: Redefining \frac on input line 213.
\uproot@=\count89
\leftroot@=\count90
LaTeX Info: Redefining \overline on input line 375.
\classnum@=\count91
\DOTSCASE@=\count92
LaTeX Info: Redefining \ldots on input line 472.
LaTeX Info: Redefining \dots on input line 475.
LaTeX Info: Redefining \cdots on input line 596.
\Mathstrutbox@=\box26
\strutbox@=\box27
\big@size=\dimen105
LaTeX Font Info:    Redeclaring font encoding OML on input line 712.
LaTeX Font Info:    Redeclaring font encoding OMS on input line 713.
\macc@depth=\count93
\c@MaxMatrixCols=\count94
\dotsspace@=\muskip11
\c@parentequation=\count95
\dspbrk@lvl=\count96
\tag@help=\toks16
\row@=\count97
\column@=\count98
\maxfields@=\count99
\andhelp@=\toks17
\eqnshift@=\dimen106
\alignsep@=\dimen107
\tagshift@=\dimen108
\tagwidth@=\dimen109
\totwidth@=\dimen110
\lineht@=\dimen111
\@envbody=\toks18
\multlinegap=\skip44
\multlinetaggap=\skip45
\mathdisplay@stack=\toks19
LaTeX Info: Redefining \[ on input line 2817.
LaTeX Info: Redefining \] on input line 2818.
)
(/usr/share/texlive/texmf-dist/tex/latex/tools/verbatim.sty
Package: verbatim 2014/10/28 v1.5q LaTeX2e package for verbatim enhancements
\every@verbatim=\toks20
\verbatim@line=\toks21
\verbatim@in@stream=\read1
)
(/usr/share/texlive/texmf-dist/tex/latex/listings/listings.sty
(/usr/share/texlive/texmf-dist/tex/latex/graphics/keyval.sty
Package: keyval 2014/10/28 v1.15 key=value parser (DPC)
\KV@toks@=\toks22
)
\lst@mode=\count100
\lst@gtempboxa=\box28
\lst@token=\toks23
\lst@length=\count101
\lst@currlwidth=\dimen112
\lst@column=\count102
\lst@pos=\count103
\lst@lostspace=\dimen113
\lst@width=\dimen114
\lst@newlines=\count104
\lst@lineno=\count105
\lst@maxwidth=\dimen115

(/usr/share/texlive/texmf-dist/tex/latex/listings/lstmisc.sty
File: lstmisc.sty 2015/06/04 1.6 (Carsten Heinz)
\c@lstnumber=\count106
\lst@skipnumbers=\count107
\lst@framebox=\box29
)
(/usr/share/texlive/texmf-dist/tex/latex/listings/listings.cfg
File: listings.cfg 2015/06/04 1.6 listings configuration
))
Package: listings 2015/06/04 1.6 (Carsten Heinz)
LaTeX Font Info:    Redeclaring symbol font `largesymbols' on input line 18.
LaTeX Font Info:    Overwriting symbol font `largesymbols' in version `normal'
(Font)                  OMX/cmex/m/n --> OMX/cmex/m/n on input line 18.
LaTeX Font Info:    Overwriting symbol font `largesymbols' in version `bold'
(Font)                  OMX/cmex/m/n --> OMX/cmex/m/n on input line 18.

(/usr/share/texlive/texmf-dist/tex/latex/tools/array.sty
Package: array 2018/04/30 v2.4h Tabular extension package (FMi)
\col@sep=\dimen116
\ar@mcellbox=\box30
\extrarowheight=\dimen117
\NC@list=\toks24
\extratabsurround=\skip46
\backup@length=\skip47
\ar@cellbox=\box31
)
(/usr/share/texlive/texmf-dist/tex/latex/multirow/multirow.sty
Package: multirow 2016/11/25 v2.2 Span multiple rows of a table
\multirow@colwidth=\skip48
\multirow@cntb=\count108
\multirow@dima=\skip49
\bigstrutjot=\dimen118
)
(/usr/share/texlive/texmf-dist/tex/latex/graphics/color.sty
Package: color 2016/07/10 v1.1e Standard LaTeX Color (DPC)

(/usr/share/texlive/texmf-dist/tex/latex/graphics-cfg/color.cfg
File: color.cfg 2016/01/02 v1.6 sample color configuration
)
Package color Info: Driver file: xetex.def on input line 147.

(/usr/share/texlive/texmf-dist/tex/latex/graphics-def/xetex.def
File: xetex.def 2017/06/24 v5.0h Graphics/color driver for xetex
))
(./clrscode4e.sty
Package: clrscode4e 

(/usr/share/texlive/texmf-dist/tex/latex/graphics/graphics.sty
Package: graphics 2017/06/25 v1.2c Standard LaTeX Graphics (DPC,SPQR)

(/usr/share/texlive/texmf-dist/tex/latex/graphics/trig.sty
Package: trig 2016/01/03 v1.10 sin cos tan (DPC)
)
(/usr/share/texlive/texmf-dist/tex/latex/graphics-cfg/graphics.cfg
File: graphics.cfg 2016/06/04 v1.11 sample graphics configuration
)
Package graphics Info: Driver file: xetex.def on input line 99.
)
\c@codelinenumber=\count109
\c@indent=\count110
\digitwidth=\skip50
\savecode=\box32
\codeboxwidth=\skip51
\c@linenumberwidth=\count111
\c@thisindent=\count112
)
(/usr/share/texlive/texmf-dist/tex/latex/tools/xspace.sty
Package: xspace 2014/10/28 v1.13 Space after command names (DPC,MH)
)
(/usr/share/texlive/texmf-dist/tex/latex/tools/multicol.sty
Package: multicol 2018/04/20 v1.8s multicolumn formatting (FMi)
\c@tracingmulticols=\count113
\mult@box=\box33
\multicol@leftmargin=\dimen119
\c@unbalance=\count114
\c@collectmore=\count115
\doublecol@number=\count116
\multicoltolerance=\count117
\multicolpretolerance=\count118
\full@width=\dimen120
\page@free=\dimen121
\premulticols=\dimen122
\postmulticols=\dimen123
\multicolsep=\skip52
\multicolbaselineskip=\skip53
\partial@page=\box34
\last@line=\box35
\maxbalancingoverflow=\dimen124
\mult@rightbox=\box36
\mult@grightbox=\box37
\mult@gfirstbox=\box38
\mult@firstbox=\box39
\@tempa=\box40
\@tempa=\box41
\@tempa=\box42
\@tempa=\box43
\@tempa=\box44
\@tempa=\box45
\@tempa=\box46
\@tempa=\box47
\@tempa=\box48
\@tempa=\box49
\@tempa=\box50
\@tempa=\box51
\@tempa=\box52
\@tempa=\box53
\@tempa=\box54
\@tempa=\box55
\@tempa=\box56
\c@columnbadness=\count119
\c@finalcolumnbadness=\count120
\last@try=\dimen125
\multicolovershoot=\dimen126
\multicolundershoot=\dimen127
\mult@nat@firstbox=\box57
\colbreak@box=\box58
\mc@col@check@num=\count121
)
(/usr/share/texlive/texmf-dist/tex/latex/graphics/graphicx.sty
Package: graphicx 2017/06/01 v1.1a Enhanced LaTeX Graphics (DPC,SPQR)
\Gin@req@height=\dimen128
\Gin@req@width=\dimen129
)
(/usr/share/texlive/texmf-dist/tex/latex/fancyhdr/fancyhdr.sty
Package: fancyhdr 2017/06/30 v3.9a Extensive control of page headers and footer
s
\f@nch@headwidth=\skip54
\f@nch@O@elh=\skip55
\f@nch@O@erh=\skip56
\f@nch@O@olh=\skip57
\f@nch@O@orh=\skip58
\f@nch@O@elf=\skip59
\f@nch@O@erf=\skip60
\f@nch@O@olf=\skip61
\f@nch@O@orf=\skip62
)
\c@principle=\count122
\c@theorem=\count123
\c@xample=\count124
\savearraycolsep=\skip63
)))
(/usr/share/texlive/texmf-dist/tex/latex/sectsty/sectsty.sty
Package: sectsty 2002/02/25 v2.0.2 Commands to change all sectional heading sty
les
)
(/usr/share/texlive/texmf-dist/tex/generic/xypic/xy.sty
(/usr/share/texlive/texmf-dist/tex/generic/xypic/xy.tex Bootstrap'ing:
catcodes, docmode, (/usr/share/texlive/texmf-dist/tex/generic/xypic/xyrecat.tex
) (/usr/share/texlive/texmf-dist/tex/generic/xypic/xyidioms.tex)

 Xy-pic version 3.8.9 <2013/10/06>
 Copyright (c) 1991-2013 by Kristoffer H. Rose <krisrose@tug.org> and others
 Xy-pic is free software: see the User's Guide for details.

Loading kernel: messages; fonts; allocations: state,
\X@c=\dimen130
\Y@c=\dimen131
\U@c=\dimen132
\D@c=\dimen133
\L@c=\dimen134
\R@c=\dimen135
\Edge@c=\toks25
\X@p=\dimen136
\Y@p=\dimen137
\U@p=\dimen138
\D@p=\dimen139
\L@p=\dimen140
\R@p=\dimen141
\Edge@p=\toks26
\X@origin=\dimen142
\Y@origin=\dimen143
\X@xbase=\dimen144
\Y@xbase=\dimen145
\X@ybase=\dimen146
\Y@ybase=\dimen147
\X@min=\dimen148
\Y@min=\dimen149
\X@max=\dimen150
\Y@max=\dimen151
\lastobjectbox@=\box59
\zerodotbox@=\box60
\almostz@=\dimen152
 direction,
\d@X=\dimen153
\d@Y=\dimen154
\K@=\count125
\KK@=\count126
\Direction=\count127
\K@dXdY=\dimen155
\K@dYdX=\dimen156
\xyread@=\read2
\xywrite@=\write3
\csp@=\count128
\quotPTK@=\dimen157

utility macros; pictures: \xy, positions,
\swaptoks@@=\toks27
\connectobjectbox@@=\box61
 objects,
\styletoks@=\toks28
 decorations;
kernel objects: directionals, circles, text; options; algorithms: directions,
edges, connections;  Xy-pic loaded)
(/usr/share/texlive/texmf-dist/tex/generic/oberdiek/ifpdf.sty
Package: ifpdf 2017/03/15 v3.2 Provides the ifpdf switch
)
Package: xy 2013/10/06 Xy-pic version 3.8.9

(/usr/share/texlive/texmf-dist/tex/generic/xypic/xyall.tex
 Xy-pic option: All features v.3.8
(/usr/share/texlive/texmf-dist/tex/generic/xypic/xycurve.tex
 Xy-pic option: Curve and Spline extension v.3.12 curve,
\crv@cnt@=\count129
\crvpts@=\toks29
\splinebox@=\box62
\splineval@=\dimen158
\splinedepth@=\dimen159
\splinetol@=\dimen160
\splinelength@=\dimen161
 circles,
\L@=\dimen162
 loaded)
(/usr/share/texlive/texmf-dist/tex/generic/xypic/xyframe.tex
 Xy-pic option: Frame and Bracket extension v.3.14 loaded)
(/usr/share/texlive/texmf-dist/tex/generic/xypic/xycmtip.tex
 Xy-pic option: Computer Modern tip extension v.3.7
(/usr/share/texlive/texmf-dist/tex/generic/xypic/xytips.tex
 Xy-pic option: More Tips extension v.3.11 loaded) loaded)
(/usr/share/texlive/texmf-dist/tex/generic/xypic/xyline.tex
 Xy-pic option: Line styles extension v.3.10
\xylinethick@=\dimen163
 loaded)
(/usr/share/texlive/texmf-dist/tex/generic/xypic/xyrotate.tex
 Xy-pic option: Rotate and Scale extension v.3.8 loaded)
(/usr/share/texlive/texmf-dist/tex/generic/xypic/xycolor.tex
 Xy-pic option: Colour extension v.3.11 loaded)
(/usr/share/texlive/texmf-dist/tex/generic/xypic/xymatrix.tex
 Xy-pic option: Matrix feature v.3.14
\Row=\count130
\Col=\count131
\queue@=\toks30
\queue@@=\toks31
\qcount@=\count132
\qcount@@=\count133
\matrixsize@=\count134
 loaded)
(/usr/share/texlive/texmf-dist/tex/generic/xypic/xyarrow.tex
 Xy-pic option: Arrow and Path feature v.3.9 path, \ar, loaded)
(/usr/share/texlive/texmf-dist/tex/generic/xypic/xygraph.tex
 Xy-pic option: Graph feature v.3.11 loaded) loaded)
(/usr/share/texlive/texmf-dist/tex/generic/xypic/xyarc.tex
 Xy-pic option: Circle, Ellipse, Arc feature v.3.8 circles, ellipses,
elliptical arcs, loaded))
(/usr/share/texlive/texmf-dist/tex/latex/tools/enumerate.sty
Package: enumerate 2015/07/23 v3.00 enumerate extensions (DPC)
\@enLab=\toks32
)
(/usr/share/texlive/texmf-dist/tex/latex/jknapltx/mathrsfs.sty
Package: mathrsfs 1996/01/01 Math RSFS package v1.0 (jk)
\symrsfs=\mathgroup7
)
(/usr/share/texlive/texmf-dist/tex/latex/geometry/geometry.sty
Package: geometry 2018/03/24 v5.7 Page Geometry

(/usr/share/texlive/texmf-dist/tex/generic/oberdiek/ifvtex.sty
Package: ifvtex 2016/05/16 v1.6 Detect VTeX and its facilities (HO)
Package ifvtex Info: VTeX not detected.
)
(/usr/share/texlive/texmf-dist/tex/generic/ifxetex/ifxetex.sty
Package: ifxetex 2010/09/12 v0.6 Provides ifxetex conditional
)
\Gm@cnth=\count135
\Gm@cntv=\count136
\c@Gm@tempcnt=\count137
\Gm@bindingoffset=\dimen164
\Gm@wd@mp=\dimen165
\Gm@odd@mp=\dimen166
\Gm@even@mp=\dimen167
\Gm@layoutwidth=\dimen168
\Gm@layoutheight=\dimen169
\Gm@layouthoffset=\dimen170
\Gm@layoutvoffset=\dimen171
\Gm@dimlist=\toks33
)
(/usr/share/texlive/texmf-dist/tex/latex/thmtools/thmtools.sty
Package: thmtools 2014/04/21 v66
\thmt@toks=\toks34
\c@thmt@dummyctr=\count138

(/usr/share/texlive/texmf-dist/tex/latex/thmtools/thm-patch.sty
Package: thm-patch 2014/04/21 v66

(/usr/share/texlive/texmf-dist/tex/latex/thmtools/parseargs.sty
Package: parseargs 2014/04/21 v66
\@parsespec=\toks35
))
(/usr/share/texlive/texmf-dist/tex/latex/thmtools/thm-kv.sty
Package: thm-kv 2014/04/21 v66
Package thm-kv Info: Theorem names will be uppercased on input line 40.

(/usr/share/texlive/texmf-dist/tex/generic/oberdiek/kvsetkeys.sty
Package: kvsetkeys 2016/05/16 v1.17 Key value parser (HO)

(/usr/share/texlive/texmf-dist/tex/generic/oberdiek/infwarerr.sty
Package: infwarerr 2016/05/16 v1.4 Providing info/warning/error messages (HO)
)
(/usr/share/texlive/texmf-dist/tex/generic/oberdiek/etexcmds.sty
Package: etexcmds 2016/05/16 v1.6 Avoid name clashes with e-TeX commands (HO)

(/usr/share/texlive/texmf-dist/tex/generic/oberdiek/ifluatex.sty
Package: ifluatex 2016/05/16 v1.4 Provides the ifluatex switch (HO)
Package ifluatex Info: LuaTeX not detected.
)
Package etexcmds Info: Could not find \expanded.
(etexcmds)             That can mean that you are not using pdfTeX 1.50 or
(etexcmds)             that some package has redefined \expanded.
(etexcmds)             In the latter case, load this package earlier.
))
Package thm-kv Info: kvsetkeys patch (v1.16 or later) on input line 156.
)
(/usr/share/texlive/texmf-dist/tex/latex/thmtools/thm-autoref.sty
Package: thm-autoref 2014/04/21 v66

(/usr/share/texlive/texmf-dist/tex/latex/thmtools/aliasctr.sty
Package: aliasctr 2014/04/21 v66

(/usr/share/texlive/texmf-dist/tex/latex/carlisle/remreset.sty)))
(/usr/share/texlive/texmf-dist/tex/latex/thmtools/thm-listof.sty
Package: thm-listof 2014/04/21 v66
)
(/usr/share/texlive/texmf-dist/tex/latex/thmtools/thm-restate.sty
Package: thm-restate 2014/04/21 v66
))
(/usr/share/texlive/texmf-dist/tex/latex/xltxtra/xltxtra.sty
Package: xltxtra 2016/01/21 v0.6 Improvements for the "XeLaTeX" format

(/usr/share/texlive/texmf-dist/tex/latex/fontspec/fontspec.sty
(/usr/share/texlive/texmf-dist/tex/latex/l3packages/xparse/xparse.sty
(/usr/share/texlive/texmf-dist/tex/latex/l3kernel/expl3.sty
Package: expl3 2018-04-30 L3 programming layer (loader) 

(/usr/share/texlive/texmf-dist/tex/latex/l3kernel/expl3-code.tex
Package: expl3 2018-04-30 L3 programming layer (code)
\c_max_int=\count139
\l_tmpa_int=\count140
\l_tmpb_int=\count141
\g_tmpa_int=\count142
\g_tmpb_int=\count143
\g__kernel_prg_map_int=\count144
\c_log_iow=\count145
\l_iow_line_count_int=\count146
\l__iow_line_target_int=\count147
\l__iow_one_indent_int=\count148
\l__iow_indent_int=\count149
\c_zero_dim=\dimen172
\c_max_dim=\dimen173
\l_tmpa_dim=\dimen174
\l_tmpb_dim=\dimen175
\g_tmpa_dim=\dimen176
\g_tmpb_dim=\dimen177
\c_zero_skip=\skip64
\c_max_skip=\skip65
\l_tmpa_skip=\skip66
\l_tmpb_skip=\skip67
\g_tmpa_skip=\skip68
\g_tmpb_skip=\skip69
\c_zero_muskip=\muskip12
\c_max_muskip=\muskip13
\l_tmpa_muskip=\muskip14
\l_tmpb_muskip=\muskip15
\g_tmpa_muskip=\muskip16
\g_tmpb_muskip=\muskip17
\l_keys_choice_int=\count150
\c__fp_leading_shift_int=\count151
\c__fp_middle_shift_int=\count152
\c__fp_trailing_shift_int=\count153
\c__fp_big_leading_shift_int=\count154
\c__fp_big_middle_shift_int=\count155
\c__fp_big_trailing_shift_int=\count156
\c__fp_Bigg_leading_shift_int=\count157
\c__fp_Bigg_middle_shift_int=\count158
\c__fp_Bigg_trailing_shift_int=\count159
\c__intarray_sp_dim=\dimen178
\g__intarray_font_int=\count160
\l__sort_length_int=\count161
\l__sort_min_int=\count162
\l__sort_top_int=\count163
\l__sort_max_int=\count164
\l__sort_true_max_int=\count165
\l__sort_block_int=\count166
\l__sort_begin_int=\count167
\l__sort_end_int=\count168
\l__sort_A_int=\count169
\l__sort_B_int=\count170
\l__sort_C_int=\count171
\l__tl_analysis_normal_int=\count172
\l__tl_analysis_index_int=\count173
\l__tl_analysis_nesting_int=\count174
\l__tl_analysis_type_int=\count175
\l__regex_internal_a_int=\count176
\l__regex_internal_b_int=\count177
\l__regex_internal_c_int=\count178
\l__regex_balance_int=\count179
\l__regex_group_level_int=\count180
\l__regex_mode_int=\count181
\c__regex_cs_in_class_mode_int=\count182
\c__regex_cs_mode_int=\count183
\l__regex_catcodes_int=\count184
\l__regex_default_catcodes_int=\count185
\c__regex_catcode_L_int=\count186
\c__regex_catcode_O_int=\count187
\c__regex_catcode_A_int=\count188
\c__regex_all_catcodes_int=\count189
\l__regex_show_lines_int=\count190
\l__regex_min_state_int=\count191
\l__regex_max_state_int=\count192
\l__regex_left_state_int=\count193
\l__regex_right_state_int=\count194
\l__regex_capturing_group_int=\count195
\l__regex_min_pos_int=\count196
\l__regex_max_pos_int=\count197
\l__regex_curr_pos_int=\count198
\l__regex_start_pos_int=\count199
\l__regex_success_pos_int=\count266
\l__regex_curr_char_int=\count267
\l__regex_curr_catcode_int=\count268
\l__regex_last_char_int=\count269
\l__regex_case_changed_char_int=\count270
\l__regex_curr_state_int=\count271
\l__regex_step_int=\count272
\l__regex_min_active_int=\count273
\l__regex_max_active_int=\count274
\l__regex_replacement_csnames_int=\count275
\l__regex_match_count_int=\count276
\l__regex_min_submatch_int=\count277
\l__regex_submatch_int=\count278
\l__regex_zeroth_submatch_int=\count279
\g__regex_trace_regex_int=\count280
\c_empty_box=\box63
\l_tmpa_box=\box64
\l_tmpb_box=\box65
\g_tmpa_box=\box66
\g_tmpb_box=\box67
\l__box_top_dim=\dimen179
\l__box_bottom_dim=\dimen180
\l__box_left_dim=\dimen181
\l__box_right_dim=\dimen182
\l__box_top_new_dim=\dimen183
\l__box_bottom_new_dim=\dimen184
\l__box_left_new_dim=\dimen185
\l__box_right_new_dim=\dimen186
\l__box_internal_box=\box68
\l__coffin_internal_box=\box69
\l__coffin_internal_dim=\dimen187
\l__coffin_offset_x_dim=\dimen188
\l__coffin_offset_y_dim=\dimen189
\l__coffin_x_dim=\dimen190
\l__coffin_y_dim=\dimen191
\l__coffin_x_prime_dim=\dimen192
\l__coffin_y_prime_dim=\dimen193
\c_empty_coffin=\box70
\l__coffin_aligned_coffin=\box71
\l__coffin_aligned_internal_coffin=\box72
\l_tmpa_coffin=\box73
\l_tmpb_coffin=\box74
\l__coffin_display_coffin=\box75
\l__coffin_display_coord_coffin=\box76
\l__coffin_display_pole_coffin=\box77
\l__coffin_display_offset_dim=\dimen194
\l__coffin_display_x_dim=\dimen195
\l__coffin_display_y_dim=\dimen196
\g__file_internal_ior=\read3
\l__coffin_bounding_shift_dim=\dimen197
\l__coffin_left_corner_dim=\dimen198
\l__coffin_right_corner_dim=\dimen199
\l__coffin_bottom_corner_dim=\dimen256
\l__coffin_top_corner_dim=\dimen257
\l__coffin_scaled_total_height_dim=\dimen258
\l__coffin_scaled_width_dim=\dimen259
)
(/usr/share/texlive/texmf-dist/tex/latex/l3kernel/l3xdvipdfmx.def
File: l3xdvidpfmx.def 2018-04-30 v L3 Experimental driver: xdvipdfmx
\g__driver_image_int=\count281
))
Package: xparse 2018-04-30 L3 Experimental document command parser
\l__xparse_current_arg_int=\count282
\g__xparse_grabber_int=\count283
\l__xparse_m_args_int=\count284
\l__xparse_mandatory_args_int=\count285
\l__xparse_v_nesting_int=\count286
)
Package: fontspec 2017/11/09 v2.6g Font selection for XeLaTeX and LuaLaTeX

(/usr/share/texlive/texmf-dist/tex/latex/fontspec/fontspec-xetex.sty
Package: fontspec-xetex 2017/11/09 v2.6g Font selection for XeLaTeX and LuaLaTe
X
\l__fontspec_script_int=\count287
\l__fontspec_language_int=\count288
\l__fontspec_strnum_int=\count289
\l__fontspec_tmp_int=\count290
\l__fontspec_em_int=\count291
\l__fontspec_emdef_int=\count292
\l__fontspec_strong_int=\count293
\l__fontspec_strongdef_int=\count294
\l__fontspec_tmpa_dim=\dimen260
\l__fontspec_tmpb_dim=\dimen261
\l__fontspec_tmpc_dim=\dimen262

(/usr/share/texlive/texmf-dist/tex/latex/base/fontenc.sty
Package: fontenc 2017/04/05 v2.0i Standard LaTeX package

(/usr/share/texlive/texmf-dist/tex/latex/base/tuenc.def
File: tuenc.def 2017/04/05 v2.0i Standard LaTeX file
LaTeX Font Info:    Redeclaring font encoding TU on input line 82.
))
.................................................
. LaTeX info: "xparse/define-command"
. 
. Defining command \fontspec with sig. 'O{}mO{}' on line 542.
.................................................
.................................................
. LaTeX info: "xparse/define-command"
. 
. Defining command \setmainfont with sig. 'O{}mO{}' on line 546.
.................................................
.................................................
. LaTeX info: "xparse/define-command"
. 
. Defining command \setsansfont with sig. 'O{}mO{}' on line 550.
.................................................
.................................................
. LaTeX info: "xparse/define-command"
. 
. Defining command \setmonofont with sig. 'O{}mO{}' on line 554.
.................................................
.................................................
. LaTeX info: "xparse/define-command"
. 
. Defining command \setmathrm with sig. 'O{}mO{}' on line 558.
.................................................
.................................................
. LaTeX info: "xparse/define-command"
. 
. Defining command \setboldmathrm with sig. 'O{}mO{}' on line 562.
.................................................
.................................................
. LaTeX info: "xparse/define-command"
. 
. Defining command \setmathsf with sig. 'O{}mO{}' on line 566.
.................................................
.................................................
. LaTeX info: "xparse/define-command"
. 
. Defining command \setmathtt with sig. 'O{}mO{}' on line 570.
.................................................
.................................................
. LaTeX info: "xparse/define-command"
. 
. Defining command \setromanfont with sig. 'O{}mO{}' on line 574.
.................................................
.................................................
. LaTeX info: "xparse/define-command"
. 
. Defining command \newfontfamily with sig. 'mO{}mO{}' on line 578.
.................................................
.................................................
. LaTeX info: "xparse/define-command"
. 
. Defining command \newfontface with sig. 'mO{}mO{}' on line 582.
.................................................
.................................................
. LaTeX info: "xparse/define-command"
. 
. Defining command \defaultfontfeatures with sig. 't+om' on line 586.
.................................................
.................................................
. LaTeX info: "xparse/define-command"
. 
. Defining command \addfontfeatures with sig. 'm' on line 590.
.................................................
.................................................
. LaTeX info: "xparse/define-command"
. 
. Defining command \addfontfeature with sig. 'm' on line 594.
.................................................
.................................................
. LaTeX info: "xparse/define-command"
. 
. Defining command \newfontfeature with sig. 'mm' on line 598.
.................................................
.................................................
. LaTeX info: "xparse/define-command"
. 
. Defining command \newAATfeature with sig. 'mmmm' on line 602.
.................................................
.................................................
. LaTeX info: "xparse/define-command"
. 
. Defining command \newopentypefeature with sig. 'mmm' on line 606.
.................................................
.................................................
. LaTeX info: "xparse/define-command"
. 
. Defining command \newICUfeature with sig. 'mmm' on line 610.
.................................................
.................................................
. LaTeX info: "xparse/define-command"
. 
. Defining command \aliasfontfeature with sig. 'mm' on line 614.
.................................................
.................................................
. LaTeX info: "xparse/define-command"
. 
. Defining command \aliasfontfeatureoption with sig. 'mmm' on line 618.
.................................................
.................................................
. LaTeX info: "xparse/define-command"
. 
. Defining command \newfontscript with sig. 'mm' on line 622.
.................................................
.................................................
. LaTeX info: "xparse/define-command"
. 
. Defining command \newfontlanguage with sig. 'mm' on line 626.
.................................................
.................................................
. LaTeX info: "xparse/define-command"
. 
. Defining command \DeclareFontsExtensions with sig. 'm' on line 630.
.................................................
.................................................
. LaTeX info: "xparse/define-command"
. 
. Defining command \IfFontFeatureActiveTF with sig. 'mmm' on line 634.
.................................................
.................................................
. LaTeX info: "xparse/define-command"
. 
. Defining command \EncodingCommand with sig. 'mO{}m' on line 3632.
.................................................
.................................................
. LaTeX info: "xparse/define-command"
. 
. Defining command \EncodingAccent with sig. 'mm' on line 3638.
.................................................
.................................................
. LaTeX info: "xparse/define-command"
. 
. Defining command \EncodingSymbol with sig. 'mm' on line 3644.
.................................................
.................................................
. LaTeX info: "xparse/define-command"
. 
. Defining command \EncodingComposite with sig. 'mmm' on line 3650.
.................................................
.................................................
. LaTeX info: "xparse/define-command"
. 
. Defining command \EncodingCompositeCommand with sig. 'mmm' on line 3656.
.................................................
.................................................
. LaTeX info: "xparse/define-command"
. 
. Defining command \DeclareUnicodeEncoding with sig. 'mm' on line 3681.
.................................................
.................................................
. LaTeX info: "xparse/define-command"
. 
. Defining command \UndeclareSymbol with sig. 'm' on line 3687.
.................................................
.................................................
. LaTeX info: "xparse/define-command"
. 
. Defining command \UndeclareAccent with sig. 'm' on line 3693.
.................................................
.................................................
. LaTeX info: "xparse/define-command"
. 
. Defining command \UndeclareCommand with sig. 'm' on line 3699.
.................................................
.................................................
. LaTeX info: "xparse/define-command"
. 
. Defining command \UndeclareComposite with sig. 'mm' on line 3706.
.................................................

(/usr/share/texlive/texmf-dist/tex/latex/fontspec/fontspec.cfg)
LaTeX Info: Redefining \itshape on input line 3891.
LaTeX Info: Redefining \slshape on input line 3896.
LaTeX Info: Redefining \scshape on input line 3901.
LaTeX Info: Redefining \upshape on input line 3906.
LaTeX Info: Redefining \em on input line 3936.
LaTeX Info: Redefining \emph on input line 3961.
LaTeX Info: Redefining \- on input line 4015.
.................................................
. LaTeX info: "xparse/redefine-command"
. 
. Redefining command \oldstylenums with sig. 'm' on line 4110.
.................................................
.................................................
. LaTeX info: "xparse/define-command"
. 
. Defining command \liningnums with sig. 'm' on line 4114.
.................................................
))
(/usr/share/texlive/texmf-dist/tex/latex/realscripts/realscripts.sty
Package: realscripts 2016/02/13 v0.3d Access OpenType subscripts and superscrip
ts
.................................................
. LaTeX info: "xparse/define-command"
. 
. Defining command \fakesubscript with sig. 'm' on line 19.
.................................................
.................................................
. LaTeX info: "xparse/define-command"
. 
. Defining command \fakesuperscript with sig. 'm' on line 22.
.................................................
.................................................
. LaTeX info: "xparse/redefine-command"
. 
. Redefining command \textsubscript with sig. 's' on line 25.
.................................................
.................................................
. LaTeX info: "xparse/redefine-command"
. 
. Redefining command \textsuperscript with sig. 's' on line 28.
.................................................
.................................................
. LaTeX info: "xparse/define-command"
. 
. Defining command \realsubscript with sig. 'm' on line 45.
.................................................
.................................................
. LaTeX info: "xparse/define-command"
. 
. Defining command \realsuperscript with sig. 'm' on line 60.
.................................................
.................................................
. LaTeX info: "xparse/define-command"
. 
. Defining command \textsubsuperscript with sig. 'sO{l}mm' on line 138.
.................................................
.................................................
. LaTeX info: "xparse/define-command"
. 
. Defining command \textsupersubscript with sig. 'sO{l}mm' on line 143.
.................................................
\subsupersep=\dimen263
)
(/usr/share/texlive/texmf-dist/tex/latex/metalogo/metalogo.sty
Package: metalogo 2010/05/29 v0.12 Extended TeX logo macros
\xl@everylogo=\toks36
\xl@@everylogo=\toks37
LaTeX Info: Redefining \TeX on input line 193.
LaTeX Info: Redefining \LaTeX on input line 202.
LaTeX Info: Redefining \LaTeXe on input line 219.
)
\l__xetex_show_hyphens_wrapping_box=\box78
\l__xetex_show_hyphens_temp_box=\box79
\l__xetex_show_hyphens_final_box=\box80
\g__xetex_show_hyphens_word_box=\box81
)
\g__fontspec_family_IPAPMincho_int=\count295
.................................................
. fontspec info: "no-font-shape"
. 
. Could not resolve font "IPAPMincho/BI" (it probably doesn't exist).
.................................................
.................................................
. fontspec info: "no-font-shape"
. 
. Could not resolve font "IPAPMincho/B" (it probably doesn't exist).
.................................................
.................................................
. fontspec info: "no-font-shape"
. 
. Could not resolve font "IPAPMincho/I" (it probably doesn't exist).
.................................................
.................................................
. fontspec info: "defining-font"
. 
. Font family 'IPAPMincho(0)' created for font 'IPAPMincho' with options
. [Ligatures=TeX].
.  
.  This font family consists of the following NFSS series/shapes:
.  
. - 'normal' (m/n) with NFSS spec.:
. <->"IPAPMincho/OT:script=latn;language=DFLT;mapping=tex-text;"
. - 'small caps'  (m/sc) with NFSS spec.: 
.................................................
LaTeX Info: Redefining \rmfamily on input line 15.
\g__fontspec_family_IPAPGothic_int=\count296
.................................................
. fontspec info: "no-font-shape"
. 
. Could not resolve font "IPAPGothic/BI" (it probably doesn't exist).
.................................................
.................................................
. fontspec info: "no-font-shape"
. 
. Could not resolve font "IPAPGothic/B" (it probably doesn't exist).
.................................................
.................................................
. fontspec info: "no-font-shape"
. 
. Could not resolve font "IPAPGothic/I" (it probably doesn't exist).
.................................................
.................................................
. fontspec info: "defining-font"
. 
. Font family 'IPAPGothic(0)' created for font 'IPAPGothic' with options
. [Ligatures=TeX].
.  
.  This font family consists of the following NFSS series/shapes:
.  
. - 'normal' (m/n) with NFSS spec.:
. <->"IPAPGothic/OT:script=latn;language=DFLT;mapping=tex-text;"
. - 'small caps'  (m/sc) with NFSS spec.: 
.................................................
LaTeX Info: Redefining \sffamily on input line 16.
 (./example.aux)
\openout1 = `example.aux'.

LaTeX Font Info:    Checking defaults for OML/cmm/m/it on input line 25.
LaTeX Font Info:    ... okay on input line 25.
LaTeX Font Info:    Checking defaults for T1/cmr/m/n on input line 25.
LaTeX Font Info:    ... okay on input line 25.
LaTeX Font Info:    Checking defaults for OT1/cmr/m/n on input line 25.
LaTeX Font Info:    ... okay on input line 25.
LaTeX Font Info:    Checking defaults for OMS/cmsy/m/n on input line 25.
LaTeX Font Info:    ... okay on input line 25.
LaTeX Font Info:    Checking defaults for TU/lmr/m/n on input line 25.
LaTeX Font Info:    ... okay on input line 25.
LaTeX Font Info:    Checking defaults for OMX/cmex/m/n on input line 25.
LaTeX Font Info:    ... okay on input line 25.
LaTeX Font Info:    Checking defaults for U/cmr/m/n on input line 25.
LaTeX Font Info:    ... okay on input line 25.
\c@lstlisting=\count297


LaTeX Font Warning: Font shape `TU/IPAPMincho(0)/bx/n' undefined
(Font)              using `TU/IPAPMincho(0)/m/n' instead on input line 25.


Overfull \hbox (18.06749pt too wide) in paragraph at lines 25--25
 | [] 
 []

*geometry* driver: auto-detecting
*geometry* detected driver: xetex
*geometry* verbose mode - [ preamble ] result:
* driver: xetex
* paper: <default>
* layout: <same size as paper>
* layoutoffset:(h,v)=(0.0pt,0.0pt)
* modes: 
* h-part:(L,W,R)=(72.26999pt, 469.75502pt, 72.26999pt)
* v-part:(T,H,B)=(72.26999pt, 650.43001pt, 72.26999pt)
* \paperwidth=614.295pt
* \paperheight=794.96999pt
* \textwidth=469.75502pt
* \textheight=650.43001pt
* \oddsidemargin=0.0pt
* \evensidemargin=0.0pt
* \topmargin=-37.0pt
* \headheight=12.0pt
* \headsep=25.0pt
* \topskip=12.0pt
* \footskip=30.0pt
* \marginparwidth=44.0pt
* \marginparsep=10.0pt
* \columnsep=10.0pt
* \skip\footins=10.8pt plus 4.0pt minus 2.0pt
* \hoffset=0.0pt
* \voffset=0.0pt
* \mag=1000
* \@twocolumnfalse
* \@twosidefalse
* \@mparswitchfalse
* \@reversemarginfalse
* (1in=72.27pt=25.4mm, 1cm=28.453pt)

.................................................
. fontspec info: "setup-math"
. 
. Adjusting the maths setup (use [no-math] to avoid this).
.................................................
\symlegacymaths=\mathgroup8
LaTeX Font Info:    Overwriting symbol font `legacymaths' in version `bold'
(Font)                  OT1/cmr/m/n --> OT1/cmr/bx/n on input line 25.
LaTeX Font Info:    Redeclaring math accent \acute on input line 25.
LaTeX Font Info:    Redeclaring math accent \grave on input line 25.
LaTeX Font Info:    Redeclaring math accent \ddot on input line 25.
LaTeX Font Info:    Redeclaring math accent \tilde on input line 25.
LaTeX Font Info:    Redeclaring math accent \bar on input line 25.
LaTeX Font Info:    Redeclaring math accent \breve on input line 25.
LaTeX Font Info:    Redeclaring math accent \check on input line 25.
LaTeX Font Info:    Redeclaring math accent \hat on input line 25.
LaTeX Font Info:    Redeclaring math accent \dot on input line 25.
LaTeX Font Info:    Redeclaring math accent \mathring on input line 25.
LaTeX Font Info:    Redeclaring math symbol \Gamma on input line 25.
LaTeX Font Info:    Redeclaring math symbol \Delta on input line 25.
LaTeX Font Info:    Redeclaring math symbol \Theta on input line 25.
LaTeX Font Info:    Redeclaring math symbol \Lambda on input line 25.
LaTeX Font Info:    Redeclaring math symbol \Xi on input line 25.
LaTeX Font Info:    Redeclaring math symbol \Pi on input line 25.
LaTeX Font Info:    Redeclaring math symbol \Sigma on input line 25.
LaTeX Font Info:    Redeclaring math symbol \Upsilon on input line 25.
LaTeX Font Info:    Redeclaring math symbol \Phi on input line 25.
LaTeX Font Info:    Redeclaring math symbol \Psi on input line 25.
LaTeX Font Info:    Redeclaring math symbol \Omega on input line 25.
LaTeX Font Info:    Redeclaring math symbol \mathdollar on input line 25.
LaTeX Font Info:    Redeclaring symbol font `operators' on input line 25.
LaTeX Font Info:    Encoding `OT1' has changed to `TU' for symbol font
(Font)              `operators' in the math version `normal' on input line 25.
LaTeX Font Info:    Overwriting symbol font `operators' in version `normal'
(Font)                  OT1/cmr/m/n --> TU/IPAPMincho(0)/m/n on input line 25.
LaTeX Font Info:    Encoding `OT1' has changed to `TU' for symbol font
(Font)              `operators' in the math version `bold' on input line 25.
LaTeX Font Info:    Overwriting symbol font `operators' in version `bold'
(Font)                  OT1/cmr/bx/n --> TU/IPAPMincho(0)/m/n on input line 25.

LaTeX Font Info:    Overwriting symbol font `operators' in version `normal'
(Font)                  TU/IPAPMincho(0)/m/n --> TU/IPAPMincho(0)/m/n on input 
line 25.
LaTeX Font Info:    Overwriting math alphabet `\mathit' in version `normal'
(Font)                  OT1/cmr/m/it --> TU/IPAPMincho(0)/m/it on input line 25
.
LaTeX Font Info:    Overwriting math alphabet `\mathbf' in version `normal'
(Font)                  OT1/cmr/bx/n --> TU/IPAPMincho(0)/bx/n on input line 25
.
LaTeX Font Info:    Overwriting math alphabet `\mathsf' in version `normal'
(Font)                  OT1/cmss/m/n --> TU/IPAPGothic(0)/m/n on input line 25.

LaTeX Font Info:    Overwriting math alphabet `\mathtt' in version `normal'
(Font)                  OT1/cmtt/m/n --> TU/lmtt/m/n on input line 25.
LaTeX Font Info:    Overwriting symbol font `operators' in version `bold'
(Font)                  TU/IPAPMincho(0)/m/n --> TU/IPAPMincho(0)/bx/n on input
 line 25.
LaTeX Font Info:    Overwriting math alphabet `\mathit' in version `bold'
(Font)                  OT1/cmr/bx/it --> TU/IPAPMincho(0)/bx/it on input line 
25.
LaTeX Font Info:    Overwriting math alphabet `\mathsf' in version `bold'
(Font)                  OT1/cmss/bx/n --> TU/IPAPGothic(0)/bx/n on input line 2
5.
LaTeX Font Info:    Overwriting math alphabet `\mathtt' in version `bold'
(Font)                  OT1/cmtt/m/n --> TU/lmtt/bx/n on input line 25.
LaTeX Font Info:    Try loading font information for U+lasy on input line 28.
(/usr/share/texlive/texmf-dist/tex/latex/base/ulasy.fd
File: ulasy.fd 1998/08/17 v2.2e LaTeX symbol font definitions
)
LaTeX Font Info:    Try loading font information for U+msa on input line 28.

(/usr/share/texlive/texmf-dist/tex/latex/amsfonts/umsa.fd
File: umsa.fd 2013/01/14 v3.01 AMS symbols A
)
LaTeX Font Info:    Try loading font information for U+msb on input line 28.

(/usr/share/texlive/texmf-dist/tex/latex/amsfonts/umsb.fd
File: umsb.fd 2013/01/14 v3.01 AMS symbols B
)
LaTeX Font Info:    Try loading font information for U+rsfs on input line 28.

(/usr/share/texlive/texmf-dist/tex/latex/jknapltx/ursfs.fd
File: ursfs.fd 1998/03/24 rsfs font definition file (jk)
)
! Too many }'s.
l.33 \end{itemize}}
                   
You've closed more groups than you opened.
Such booboos are generally harmless, so keep going.

[1

] (./example.aux)

LaTeX Font Warning: Some font shapes were not available, defaults substituted.

 ) 
Here is how much of TeX's memory you used:
 17189 strings out of 492970
 333967 string characters out of 6136052
 466319 words of memory out of 5000000
 20963 multiletter control sequences out of 15000+600000
 537282 words of font info for 68 fonts, out of 8000000 for 9000
 1348 hyphenation exceptions out of 8191
 48i,5n,66p,10446b,397s stack positions out of 5000i,500n,10000p,200000b,80000s

Output written on example.pdf (1 page).
